2018-05-11 16:39:27.347  INFO 5432 --- [main] com.example.demo.DemoApplication         : Starting DemoApplication on no with PID 5432 (D:\Users\trainee\Desktop\demo\target\classes started by trainee in D:\Users\trainee\Desktop\demo)
2018-05-11 16:39:27.351  INFO 5432 --- [main] com.example.demo.DemoApplication         : No active profile set, falling back to default profiles: default
2018-05-11 16:39:27.408  INFO 5432 --- [main] ConfigServletWebServerApplicationContext : Refreshing org.springframework.boot.web.servlet.context.AnnotationConfigServletWebServerApplicationContext@149e0f5d: startup date [Fri May 11 16:39:27 IST 2018]; root of context hierarchy
2018-05-11 16:39:28.527  INFO 5432 --- [main] trationDelegate$BeanPostProcessorChecker : Bean 'org.springframework.transaction.annotation.ProxyTransactionManagementConfiguration' of type [org.springframework.transaction.annotation.ProxyTransactionManagementConfiguration$$EnhancerBySpringCGLIB$$c083f7c9] is not eligible for getting processed by all BeanPostProcessors (for example: not eligible for auto-proxying)
2018-05-11 16:39:28.738  INFO 5432 --- [main] org.eclipse.jetty.util.log               : Logging initialized @2619ms to org.eclipse.jetty.util.log.Slf4jLog
2018-05-11 16:39:28.830  INFO 5432 --- [main] o.s.b.w.e.j.JettyServletWebServerFactory : Server initialized with port: 8080
2018-05-11 16:39:28.831  INFO 5432 --- [main] org.eclipse.jetty.server.Server          : jetty-9.4.9.v20180320; built: 2018-03-20T17:51:10+05:30; git: 1f8159b1e4a42d3f79997021ea1609f2fbac6de5; jvm 1.8.0_161-b12
2018-05-11 16:39:28.945  INFO 5432 --- [main] org.eclipse.jetty.server.session         : DefaultSessionIdManager workerName=node0
2018-05-11 16:39:28.945  INFO 5432 --- [main] org.eclipse.jetty.server.session         : No SessionScavenger set, using defaults
2018-05-11 16:39:28.947  INFO 5432 --- [main] org.eclipse.jetty.server.session         : Scavenging every 660000ms
2018-05-11 16:39:28.953  INFO 5432 --- [main] o.e.j.s.h.ContextHandler.application     : Initializing Spring embedded WebApplicationContext
2018-05-11 16:39:28.954  INFO 5432 --- [main] o.s.web.context.ContextLoader            : Root WebApplicationContext: initialization completed in 1546 ms
2018-05-11 16:39:29.059  INFO 5432 --- [main] o.s.b.w.servlet.ServletRegistrationBean  : Servlet dispatcherServlet mapped to [/]
2018-05-11 16:39:29.062  INFO 5432 --- [main] o.s.b.w.servlet.FilterRegistrationBean   : Mapping filter: 'characterEncodingFilter' to: [/*]
2018-05-11 16:39:29.063  INFO 5432 --- [main] o.s.b.w.servlet.FilterRegistrationBean   : Mapping filter: 'hiddenHttpMethodFilter' to: [/*]
2018-05-11 16:39:29.063  INFO 5432 --- [main] o.s.b.w.servlet.FilterRegistrationBean   : Mapping filter: 'httpPutFormContentFilter' to: [/*]
2018-05-11 16:39:29.063  INFO 5432 --- [main] o.s.b.w.servlet.FilterRegistrationBean   : Mapping filter: 'requestContextFilter' to: [/*]
2018-05-11 16:39:29.069  INFO 5432 --- [main] o.e.jetty.server.handler.ContextHandler  : Started o.s.b.w.e.j.JettyEmbeddedWebAppContext@757529a4{/,[file:///C:/Users/trainee/AppData/Local/Temp/jetty-docbase.1138802908465421760.8080/],AVAILABLE}
2018-05-11 16:39:29.070  INFO 5432 --- [main] org.eclipse.jetty.server.Server          : Started @2952ms
2018-05-11 16:39:29.200  INFO 5432 --- [main] com.zaxxer.hikari.HikariDataSource       : HikariPool-1 - Starting...
2018-05-11 16:39:29.326  INFO 5432 --- [main] com.zaxxer.hikari.HikariDataSource       : HikariPool-1 - Start completed.
2018-05-11 16:39:29.367  INFO 5432 --- [main] j.LocalContainerEntityManagerFactoryBean : Building JPA container EntityManagerFactory for persistence unit 'default'
2018-05-11 16:39:29.379  INFO 5432 --- [main] o.hibernate.jpa.internal.util.LogHelper  : HHH000204: Processing PersistenceUnitInfo [
	name: default
	...]
2018-05-11 16:39:29.475  INFO 5432 --- [main] org.hibernate.Version                    : HHH000412: Hibernate Core {5.2.16.Final}
2018-05-11 16:39:29.476  INFO 5432 --- [main] org.hibernate.cfg.Environment            : HHH000206: hibernate.properties not found
2018-05-11 16:39:29.529  INFO 5432 --- [main] o.hibernate.annotations.common.Version   : HCANN000001: Hibernate Commons Annotations {5.0.1.Final}
2018-05-11 16:39:29.742  INFO 5432 --- [main] org.hibernate.dialect.Dialect            : HHH000400: Using dialect: org.hibernate.dialect.MySQL5Dialect
2018-05-11 16:39:30.196  INFO 5432 --- [main] j.LocalContainerEntityManagerFactoryBean : Initialized JPA EntityManagerFactory for persistence unit 'default'
2018-05-11 16:39:30.547  INFO 5432 --- [main] o.s.w.s.handler.SimpleUrlHandlerMapping  : Mapped URL path [/**/favicon.ico] onto handler of type [class org.springframework.web.servlet.resource.ResourceHttpRequestHandler]
2018-05-11 16:39:30.818  INFO 5432 --- [main] s.w.s.m.m.a.RequestMappingHandlerAdapter : Looking for @ControllerAdvice: org.springframework.boot.web.servlet.context.AnnotationConfigServletWebServerApplicationContext@149e0f5d: startup date [Fri May 11 16:39:27 IST 2018]; root of context hierarchy
2018-05-11 16:39:30.845  WARN 5432 --- [main] aWebConfiguration$JpaWebMvcConfiguration : spring.jpa.open-in-view is enabled by default. Therefore, database queries may be performed during view rendering. Explicitly configure spring.jpa.open-in-view to disable this warning
2018-05-11 16:39:30.884  INFO 5432 --- [main] s.w.s.m.m.a.RequestMappingHandlerMapping : Mapped "{[/customerdetail/main/customerdetail],methods=[POST]}" onto public com.example.demo.model.Customer com.example.demo.controller.CustomerController.addCustomer(com.example.demo.model.Customer)
2018-05-11 16:39:30.885  INFO 5432 --- [main] s.w.s.m.m.a.RequestMappingHandlerMapping : Mapped "{[/customerdetail/main/update/{customerId}],methods=[PUT]}" onto public com.example.demo.model.Customer com.example.demo.controller.CustomerController.updateCustomer(java.lang.Integer)
2018-05-11 16:39:30.886  INFO 5432 --- [main] s.w.s.m.m.a.RequestMappingHandlerMapping : Mapped "{[/customerdetail/main/delete/{customerId}],methods=[DELETE]}" onto public void com.example.demo.controller.CustomerController.deleteCustomer(java.lang.Integer)
2018-05-11 16:39:30.886  INFO 5432 --- [main] s.w.s.m.m.a.RequestMappingHandlerMapping : Mapped "{[/customerdetail/main/supplier],methods=[POST]}" onto public com.example.demo.model.Supplier com.example.demo.controller.CustomerController.addSupplier(com.example.demo.model.Supplier)
2018-05-11 16:39:30.886  INFO 5432 --- [main] s.w.s.m.m.a.RequestMappingHandlerMapping : Mapped "{[/customerdetail/main/views/{supplierId}],methods=[GET]}" onto public java.util.Optional<com.example.demo.model.Supplier> com.example.demo.controller.CustomerController.viewSupplier(java.lang.Integer)
2018-05-11 16:39:30.886  INFO 5432 --- [main] s.w.s.m.m.a.RequestMappingHandlerMapping : Mapped "{[/customerdetail/main/updateS/{supplierId}],methods=[PUT]}" onto public com.example.demo.model.Supplier com.example.demo.controller.CustomerController.updateSupplier(java.lang.Integer)
2018-05-11 16:39:30.889  INFO 5432 --- [main] s.w.s.m.m.a.RequestMappingHandlerMapping : Mapped "{[/error]}" onto public org.springframework.http.ResponseEntity<java.util.Map<java.lang.String, java.lang.Object>> org.springframework.boot.autoconfigure.web.servlet.error.BasicErrorController.error(javax.servlet.http.HttpServletRequest)
2018-05-11 16:39:30.890  INFO 5432 --- [main] s.w.s.m.m.a.RequestMappingHandlerMapping : Mapped "{[/error],produces=[text/html]}" onto public org.springframework.web.servlet.ModelAndView org.springframework.boot.autoconfigure.web.servlet.error.BasicErrorController.errorHtml(javax.servlet.http.HttpServletRequest,javax.servlet.http.HttpServletResponse)
2018-05-11 16:39:30.917  INFO 5432 --- [main] o.s.w.s.handler.SimpleUrlHandlerMapping  : Mapped URL path [/webjars/**] onto handler of type [class org.springframework.web.servlet.resource.ResourceHttpRequestHandler]
2018-05-11 16:39:30.917  INFO 5432 --- [main] o.s.w.s.handler.SimpleUrlHandlerMapping  : Mapped URL path [/**] onto handler of type [class org.springframework.web.servlet.resource.ResourceHttpRequestHandler]
2018-05-11 16:39:31.213  INFO 5432 --- [main] o.s.j.e.a.AnnotationMBeanExporter        : Registering beans for JMX exposure on startup
2018-05-11 16:39:31.216  INFO 5432 --- [main] o.s.j.e.a.AnnotationMBeanExporter        : Bean with name 'dataSource' has been autodetected for JMX exposure
2018-05-11 16:39:31.221  INFO 5432 --- [main] o.s.j.e.a.AnnotationMBeanExporter        : Located MBean 'dataSource': registering with JMX server as MBean [com.zaxxer.hikari:name=dataSource,type=HikariDataSource]
2018-05-11 16:39:31.236  INFO 5432 --- [main] o.e.j.s.h.ContextHandler.application     : Initializing Spring FrameworkServlet 'dispatcherServlet'
2018-05-11 16:39:31.236  INFO 5432 --- [main] o.s.web.servlet.DispatcherServlet        : FrameworkServlet 'dispatcherServlet': initialization started
2018-05-11 16:39:31.250  INFO 5432 --- [main] o.s.web.servlet.DispatcherServlet        : FrameworkServlet 'dispatcherServlet': initialization completed in 13 ms
2018-05-11 16:39:31.272  INFO 5432 --- [main] o.e.jetty.server.AbstractConnector       : Started ServerConnector@4b425577{HTTP/1.1,[http/1.1]}{0.0.0.0:8080}
2018-05-11 16:39:31.276  INFO 5432 --- [main] o.s.b.web.embedded.jetty.JettyWebServer  : Jetty started on port(s) 8080 (http/1.1) with context path '/'
2018-05-11 16:39:31.279  INFO 5432 --- [main] com.example.demo.DemoApplication         : Started DemoApplication in 4.319 seconds (JVM running for 5.16)
2018-05-11 17:07:08.497  INFO 5432 --- [RMI TCP Connection(2)-127.0.0.1] inMXBeanRegistrar$SpringApplicationAdmin : Application shutdown requested.
2018-05-11 17:07:08.498  INFO 5432 --- [RMI TCP Connection(2)-127.0.0.1] ConfigServletWebServerApplicationContext : Closing org.springframework.boot.web.servlet.context.AnnotationConfigServletWebServerApplicationContext@149e0f5d: startup date [Fri May 11 16:39:27 IST 2018]; root of context hierarchy
2018-05-11 17:07:08.502  INFO 5432 --- [RMI TCP Connection(2)-127.0.0.1] o.s.j.e.a.AnnotationMBeanExporter        : Unregistering JMX-exposed beans on shutdown
2018-05-11 17:07:08.503  INFO 5432 --- [RMI TCP Connection(2)-127.0.0.1] o.s.j.e.a.AnnotationMBeanExporter        : Unregistering JMX-exposed beans
2018-05-11 17:07:08.505  INFO 5432 --- [RMI TCP Connection(2)-127.0.0.1] j.LocalContainerEntityManagerFactoryBean : Closing JPA EntityManagerFactory for persistence unit 'default'
2018-05-11 17:07:08.506  INFO 5432 --- [RMI TCP Connection(2)-127.0.0.1] com.zaxxer.hikari.HikariDataSource       : HikariPool-1 - Shutdown initiated...
2018-05-11 17:07:08.515  INFO 5432 --- [RMI TCP Connection(2)-127.0.0.1] com.zaxxer.hikari.HikariDataSource       : HikariPool-1 - Shutdown completed.
2018-05-11 17:07:08.522  INFO 5432 --- [RMI TCP Connection(2)-127.0.0.1] o.e.jetty.server.AbstractConnector       : Stopped ServerConnector@4b425577{HTTP/1.1,[http/1.1]}{0.0.0.0:8080}
2018-05-11 17:07:08.523  INFO 5432 --- [RMI TCP Connection(2)-127.0.0.1] org.eclipse.jetty.server.session         : Stopped scavenging
2018-05-11 17:07:08.525  INFO 5432 --- [RMI TCP Connection(2)-127.0.0.1] o.e.j.s.h.ContextHandler.application     : Destroying Spring FrameworkServlet 'dispatcherServlet'
2018-05-11 17:07:08.526  INFO 5432 --- [RMI TCP Connection(2)-127.0.0.1] o.e.jetty.server.handler.ContextHandler  : Stopped o.s.b.w.e.j.JettyEmbeddedWebAppContext@757529a4{/,[file:///C:/Users/trainee/AppData/Local/Temp/jetty-docbase.1138802908465421760.8080/],UNAVAILABLE}
2018-05-11 18:03:46.538  INFO 1456 --- [main] com.example.demo.DemoApplication         : Starting DemoApplication on no with PID 1456 (D:\Users\trainee\Desktop\demo\target\classes started by trainee in D:\Users\trainee\Desktop\demo)
2018-05-11 18:03:46.542  INFO 1456 --- [main] com.example.demo.DemoApplication         : No active profile set, falling back to default profiles: default
2018-05-11 18:03:46.603  INFO 1456 --- [main] ConfigServletWebServerApplicationContext : Refreshing org.springframework.boot.web.servlet.context.AnnotationConfigServletWebServerApplicationContext@5c909414: startup date [Fri May 11 18:03:46 IST 2018]; root of context hierarchy
2018-05-11 18:03:47.663  INFO 1456 --- [main] trationDelegate$BeanPostProcessorChecker : Bean 'org.springframework.transaction.annotation.ProxyTransactionManagementConfiguration' of type [org.springframework.transaction.annotation.ProxyTransactionManagementConfiguration$$EnhancerBySpringCGLIB$$dc2e223] is not eligible for getting processed by all BeanPostProcessors (for example: not eligible for auto-proxying)
2018-05-11 18:03:47.866  INFO 1456 --- [main] org.eclipse.jetty.util.log               : Logging initialized @2503ms to org.eclipse.jetty.util.log.Slf4jLog
2018-05-11 18:03:47.949  INFO 1456 --- [main] o.s.b.w.e.j.JettyServletWebServerFactory : Server initialized with port: 8080
2018-05-11 18:03:47.951  INFO 1456 --- [main] org.eclipse.jetty.server.Server          : jetty-9.4.9.v20180320; built: 2018-03-20T17:51:10+05:30; git: 1f8159b1e4a42d3f79997021ea1609f2fbac6de5; jvm 1.8.0_161-b12
2018-05-11 18:03:48.115  INFO 1456 --- [main] org.eclipse.jetty.server.session         : DefaultSessionIdManager workerName=node0
2018-05-11 18:03:48.116  INFO 1456 --- [main] org.eclipse.jetty.server.session         : No SessionScavenger set, using defaults
2018-05-11 18:03:48.118  INFO 1456 --- [main] org.eclipse.jetty.server.session         : Scavenging every 600000ms
2018-05-11 18:03:48.132  INFO 1456 --- [main] o.e.j.s.h.ContextHandler.application     : Initializing Spring embedded WebApplicationContext
2018-05-11 18:03:48.132  INFO 1456 --- [main] o.s.web.context.ContextLoader            : Root WebApplicationContext: initialization completed in 1530 ms
2018-05-11 18:03:48.286  INFO 1456 --- [main] o.s.b.w.servlet.ServletRegistrationBean  : Servlet dispatcherServlet mapped to [/]
2018-05-11 18:03:48.290  INFO 1456 --- [main] o.s.b.w.servlet.FilterRegistrationBean   : Mapping filter: 'characterEncodingFilter' to: [/*]
2018-05-11 18:03:48.290  INFO 1456 --- [main] o.s.b.w.servlet.FilterRegistrationBean   : Mapping filter: 'hiddenHttpMethodFilter' to: [/*]
2018-05-11 18:03:48.291  INFO 1456 --- [main] o.s.b.w.servlet.FilterRegistrationBean   : Mapping filter: 'httpPutFormContentFilter' to: [/*]
2018-05-11 18:03:48.291  INFO 1456 --- [main] o.s.b.w.servlet.FilterRegistrationBean   : Mapping filter: 'requestContextFilter' to: [/*]
2018-05-11 18:03:48.297  INFO 1456 --- [main] o.e.jetty.server.handler.ContextHandler  : Started o.s.b.w.e.j.JettyEmbeddedWebAppContext@759d81f3{/,[file:///C:/Users/trainee/AppData/Local/Temp/jetty-docbase.3544802772175407408.8080/],AVAILABLE}
2018-05-11 18:03:48.298  INFO 1456 --- [main] org.eclipse.jetty.server.Server          : Started @2936ms
2018-05-11 18:03:48.440  INFO 1456 --- [main] com.zaxxer.hikari.HikariDataSource       : HikariPool-1 - Starting...
2018-05-11 18:03:48.601  INFO 1456 --- [main] com.zaxxer.hikari.HikariDataSource       : HikariPool-1 - Start completed.
2018-05-11 18:03:48.658  INFO 1456 --- [main] j.LocalContainerEntityManagerFactoryBean : Building JPA container EntityManagerFactory for persistence unit 'default'
2018-05-11 18:03:48.672  INFO 1456 --- [main] o.hibernate.jpa.internal.util.LogHelper  : HHH000204: Processing PersistenceUnitInfo [
	name: default
	...]
2018-05-11 18:03:48.754  INFO 1456 --- [main] org.hibernate.Version                    : HHH000412: Hibernate Core {5.2.16.Final}
2018-05-11 18:03:48.757  INFO 1456 --- [main] org.hibernate.cfg.Environment            : HHH000206: hibernate.properties not found
2018-05-11 18:03:48.811  INFO 1456 --- [main] o.hibernate.annotations.common.Version   : HCANN000001: Hibernate Commons Annotations {5.0.1.Final}
2018-05-11 18:03:49.076  INFO 1456 --- [main] org.hibernate.dialect.Dialect            : HHH000400: Using dialect: org.hibernate.dialect.MySQL5Dialect
2018-05-11 18:03:49.531  INFO 1456 --- [main] j.LocalContainerEntityManagerFactoryBean : Initialized JPA EntityManagerFactory for persistence unit 'default'
2018-05-11 18:03:49.879  INFO 1456 --- [main] o.s.w.s.handler.SimpleUrlHandlerMapping  : Mapped URL path [/**/favicon.ico] onto handler of type [class org.springframework.web.servlet.resource.ResourceHttpRequestHandler]
2018-05-11 18:03:50.164  INFO 1456 --- [main] s.w.s.m.m.a.RequestMappingHandlerAdapter : Looking for @ControllerAdvice: org.springframework.boot.web.servlet.context.AnnotationConfigServletWebServerApplicationContext@5c909414: startup date [Fri May 11 18:03:46 IST 2018]; root of context hierarchy
2018-05-11 18:03:50.192  WARN 1456 --- [main] aWebConfiguration$JpaWebMvcConfiguration : spring.jpa.open-in-view is enabled by default. Therefore, database queries may be performed during view rendering. Explicitly configure spring.jpa.open-in-view to disable this warning
2018-05-11 18:03:50.230  INFO 1456 --- [main] s.w.s.m.m.a.RequestMappingHandlerMapping : Mapped "{[/customerdetail/main/customerdetail],methods=[POST]}" onto public com.example.demo.model.Customer com.example.demo.controller.CustomerController.addCustomer(com.example.demo.model.Customer)
2018-05-11 18:03:50.231  INFO 1456 --- [main] s.w.s.m.m.a.RequestMappingHandlerMapping : Mapped "{[/customerdetail/main/delete/{customerId}],methods=[DELETE]}" onto public void com.example.demo.controller.CustomerController.deleteCustomer(java.lang.Integer)
2018-05-11 18:03:50.231  INFO 1456 --- [main] s.w.s.m.m.a.RequestMappingHandlerMapping : Mapped "{[/customerdetail/main/update/{customerId}],methods=[PUT]}" onto public com.example.demo.model.Customer com.example.demo.controller.CustomerController.updateCustomer(java.lang.Integer)
2018-05-11 18:03:50.232  INFO 1456 --- [main] s.w.s.m.m.a.RequestMappingHandlerMapping : Mapped "{[/customerdetail/main/supplier],methods=[POST]}" onto public com.example.demo.model.Supplier com.example.demo.controller.CustomerController.addSupplier(com.example.demo.model.Supplier)
2018-05-11 18:03:50.232  INFO 1456 --- [main] s.w.s.m.m.a.RequestMappingHandlerMapping : Mapped "{[/customerdetail/main/views/{supplierId}],methods=[GET]}" onto public java.util.Optional<com.example.demo.model.Supplier> com.example.demo.controller.CustomerController.viewSupplier(java.lang.Integer)
2018-05-11 18:03:50.233  INFO 1456 --- [main] s.w.s.m.m.a.RequestMappingHandlerMapping : Mapped "{[/customerdetail/main/updateS/{supplierId}],methods=[PUT]}" onto public com.example.demo.model.Supplier com.example.demo.controller.CustomerController.updateSupplier(java.lang.Integer)
2018-05-11 18:03:50.233  INFO 1456 --- [main] s.w.s.m.m.a.RequestMappingHandlerMapping : Mapped "{[/customerdetail/main/view/{customerId}],methods=[GET]}" onto public org.springframework.http.ResponseEntity<com.example.demo.model.Customer> com.example.demo.controller.CustomerController.viewCustomerDetail(java.lang.Integer) throws com.example.demo.exception.CustomerException
2018-05-11 18:03:50.237  INFO 1456 --- [main] s.w.s.m.m.a.RequestMappingHandlerMapping : Mapped "{[/error]}" onto public org.springframework.http.ResponseEntity<java.util.Map<java.lang.String, java.lang.Object>> org.springframework.boot.autoconfigure.web.servlet.error.BasicErrorController.error(javax.servlet.http.HttpServletRequest)
2018-05-11 18:03:50.238  INFO 1456 --- [main] s.w.s.m.m.a.RequestMappingHandlerMapping : Mapped "{[/error],produces=[text/html]}" onto public org.springframework.web.servlet.ModelAndView org.springframework.boot.autoconfigure.web.servlet.error.BasicErrorController.errorHtml(javax.servlet.http.HttpServletRequest,javax.servlet.http.HttpServletResponse)
2018-05-11 18:03:50.266  INFO 1456 --- [main] o.s.w.s.handler.SimpleUrlHandlerMapping  : Mapped URL path [/webjars/**] onto handler of type [class org.springframework.web.servlet.resource.ResourceHttpRequestHandler]
2018-05-11 18:03:50.266  INFO 1456 --- [main] o.s.w.s.handler.SimpleUrlHandlerMapping  : Mapped URL path [/**] onto handler of type [class org.springframework.web.servlet.resource.ResourceHttpRequestHandler]
2018-05-11 18:03:50.579  INFO 1456 --- [main] o.s.j.e.a.AnnotationMBeanExporter        : Registering beans for JMX exposure on startup
2018-05-11 18:03:50.581  INFO 1456 --- [main] o.s.j.e.a.AnnotationMBeanExporter        : Bean with name 'dataSource' has been autodetected for JMX exposure
2018-05-11 18:03:50.587  INFO 1456 --- [main] o.s.j.e.a.AnnotationMBeanExporter        : Located MBean 'dataSource': registering with JMX server as MBean [com.zaxxer.hikari:name=dataSource,type=HikariDataSource]
2018-05-11 18:03:50.606  INFO 1456 --- [main] o.e.j.s.h.ContextHandler.application     : Initializing Spring FrameworkServlet 'dispatcherServlet'
2018-05-11 18:03:50.606  INFO 1456 --- [main] o.s.web.servlet.DispatcherServlet        : FrameworkServlet 'dispatcherServlet': initialization started
2018-05-11 18:03:50.620  INFO 1456 --- [main] o.s.web.servlet.DispatcherServlet        : FrameworkServlet 'dispatcherServlet': initialization completed in 14 ms
2018-05-11 18:03:50.649  INFO 1456 --- [main] o.e.jetty.server.AbstractConnector       : Started ServerConnector@2e1eb85f{HTTP/1.1,[http/1.1]}{0.0.0.0:8080}
2018-05-11 18:03:50.653  INFO 1456 --- [main] o.s.b.web.embedded.jetty.JettyWebServer  : Jetty started on port(s) 8080 (http/1.1) with context path '/'
2018-05-11 18:03:50.656  INFO 1456 --- [main] com.example.demo.DemoApplication         : Started DemoApplication in 4.467 seconds (JVM running for 5.293)
2018-05-11 18:09:53.037  WARN 1456 --- [qtp1989332276-23] o.s.web.servlet.PageNotFound             : Request method 'PUT' not supported
2018-05-11 18:10:05.967  WARN 1456 --- [qtp1989332276-19] org.eclipse.jetty.server.HttpChannel     : /customerdetail/main/view/5

org.springframework.web.util.NestedServletException: Request processing failed; nested exception is com.example.demo.exception.CustomerException: Please Enter valid customerId
	at org.springframework.web.servlet.FrameworkServlet.processRequest(FrameworkServlet.java:982) ~[spring-webmvc-5.0.5.RELEASE.jar:5.0.5.RELEASE]
	at org.springframework.web.servlet.FrameworkServlet.doGet(FrameworkServlet.java:866) ~[spring-webmvc-5.0.5.RELEASE.jar:5.0.5.RELEASE]
	at javax.servlet.http.HttpServlet.service(HttpServlet.java:687) ~[javax.servlet-api-3.1.0.jar:3.1.0]
	at org.springframework.web.servlet.FrameworkServlet.service(FrameworkServlet.java:851) ~[spring-webmvc-5.0.5.RELEASE.jar:5.0.5.RELEASE]
	at javax.servlet.http.HttpServlet.service(HttpServlet.java:790) ~[javax.servlet-api-3.1.0.jar:3.1.0]
	at org.eclipse.jetty.servlet.ServletHolder.handle(ServletHolder.java:864) ~[jetty-servlet-9.4.9.v20180320.jar:9.4.9.v20180320]
	at org.eclipse.jetty.servlet.ServletHandler$CachedChain.doFilter(ServletHandler.java:1655) ~[jetty-servlet-9.4.9.v20180320.jar:9.4.9.v20180320]
	at org.eclipse.jetty.websocket.server.WebSocketUpgradeFilter.doFilter(WebSocketUpgradeFilter.java:215) ~[websocket-server-9.4.9.v20180320.jar:9.4.9.v20180320]
	at org.eclipse.jetty.servlet.ServletHandler$CachedChain.doFilter(ServletHandler.java:1642) ~[jetty-servlet-9.4.9.v20180320.jar:9.4.9.v20180320]
	at org.springframework.web.filter.RequestContextFilter.doFilterInternal(RequestContextFilter.java:99) ~[spring-web-5.0.5.RELEASE.jar:5.0.5.RELEASE]
	at org.springframework.web.filter.OncePerRequestFilter.doFilter(OncePerRequestFilter.java:107) ~[spring-web-5.0.5.RELEASE.jar:5.0.5.RELEASE]
	at org.eclipse.jetty.servlet.ServletHandler$CachedChain.doFilter(ServletHandler.java:1642) ~[jetty-servlet-9.4.9.v20180320.jar:9.4.9.v20180320]
	at org.springframework.web.filter.HttpPutFormContentFilter.doFilterInternal(HttpPutFormContentFilter.java:109) ~[spring-web-5.0.5.RELEASE.jar:5.0.5.RELEASE]
	at org.springframework.web.filter.OncePerRequestFilter.doFilter(OncePerRequestFilter.java:107) ~[spring-web-5.0.5.RELEASE.jar:5.0.5.RELEASE]
	at org.eclipse.jetty.servlet.ServletHandler$CachedChain.doFilter(ServletHandler.java:1642) ~[jetty-servlet-9.4.9.v20180320.jar:9.4.9.v20180320]
	at org.springframework.web.filter.HiddenHttpMethodFilter.doFilterInternal(HiddenHttpMethodFilter.java:81) ~[spring-web-5.0.5.RELEASE.jar:5.0.5.RELEASE]
	at org.springframework.web.filter.OncePerRequestFilter.doFilter(OncePerRequestFilter.java:107) ~[spring-web-5.0.5.RELEASE.jar:5.0.5.RELEASE]
	at org.eclipse.jetty.servlet.ServletHandler$CachedChain.doFilter(ServletHandler.java:1642) ~[jetty-servlet-9.4.9.v20180320.jar:9.4.9.v20180320]
	at org.springframework.web.filter.CharacterEncodingFilter.doFilterInternal(CharacterEncodingFilter.java:200) ~[spring-web-5.0.5.RELEASE.jar:5.0.5.RELEASE]
	at org.springframework.web.filter.OncePerRequestFilter.doFilter(OncePerRequestFilter.java:107) ~[spring-web-5.0.5.RELEASE.jar:5.0.5.RELEASE]
	at org.eclipse.jetty.servlet.ServletHandler$CachedChain.doFilter(ServletHandler.java:1642) ~[jetty-servlet-9.4.9.v20180320.jar:9.4.9.v20180320]
	at org.eclipse.jetty.servlet.ServletHandler.doHandle(ServletHandler.java:533) ~[jetty-servlet-9.4.9.v20180320.jar:9.4.9.v20180320]
	at org.eclipse.jetty.server.handler.ScopedHandler.handle(ScopedHandler.java:146) ~[jetty-server-9.4.9.v20180320.jar:9.4.9.v20180320]
	at org.eclipse.jetty.security.SecurityHandler.handle(SecurityHandler.java:548) ~[jetty-security-9.4.9.v20180320.jar:9.4.9.v20180320]
	at org.eclipse.jetty.server.handler.HandlerWrapper.handle(HandlerWrapper.java:132) ~[jetty-server-9.4.9.v20180320.jar:9.4.9.v20180320]
	at org.eclipse.jetty.server.handler.ScopedHandler.nextHandle(ScopedHandler.java:257) ~[jetty-server-9.4.9.v20180320.jar:9.4.9.v20180320]
	at org.eclipse.jetty.server.session.SessionHandler.doHandle(SessionHandler.java:1595) ~[jetty-server-9.4.9.v20180320.jar:9.4.9.v20180320]
	at org.eclipse.jetty.server.handler.ScopedHandler.nextHandle(ScopedHandler.java:255) ~[jetty-server-9.4.9.v20180320.jar:9.4.9.v20180320]
	at org.eclipse.jetty.server.handler.ContextHandler.doHandle(ContextHandler.java:1253) ~[jetty-server-9.4.9.v20180320.jar:9.4.9.v20180320]
	at org.eclipse.jetty.server.handler.ScopedHandler.nextScope(ScopedHandler.java:203) ~[jetty-server-9.4.9.v20180320.jar:9.4.9.v20180320]
	at org.eclipse.jetty.servlet.ServletHandler.doScope(ServletHandler.java:473) ~[jetty-servlet-9.4.9.v20180320.jar:9.4.9.v20180320]
	at org.eclipse.jetty.server.session.SessionHandler.doScope(SessionHandler.java:1564) ~[jetty-server-9.4.9.v20180320.jar:9.4.9.v20180320]
	at org.eclipse.jetty.server.handler.ScopedHandler.nextScope(ScopedHandler.java:201) ~[jetty-server-9.4.9.v20180320.jar:9.4.9.v20180320]
	at org.eclipse.jetty.server.handler.ContextHandler.doScope(ContextHandler.java:1155) ~[jetty-server-9.4.9.v20180320.jar:9.4.9.v20180320]
	at org.eclipse.jetty.server.handler.ScopedHandler.handle(ScopedHandler.java:144) ~[jetty-server-9.4.9.v20180320.jar:9.4.9.v20180320]
	at org.eclipse.jetty.server.handler.HandlerWrapper.handle(HandlerWrapper.java:132) ~[jetty-server-9.4.9.v20180320.jar:9.4.9.v20180320]
	at org.eclipse.jetty.server.Server.handle(Server.java:531) ~[jetty-server-9.4.9.v20180320.jar:9.4.9.v20180320]
	at org.eclipse.jetty.server.HttpChannel.handle(HttpChannel.java:352) ~[jetty-server-9.4.9.v20180320.jar:9.4.9.v20180320]
	at org.eclipse.jetty.server.HttpConnection.onFillable(HttpConnection.java:260) [jetty-server-9.4.9.v20180320.jar:9.4.9.v20180320]
	at org.eclipse.jetty.io.AbstractConnection$ReadCallback.succeeded(AbstractConnection.java:281) [jetty-io-9.4.9.v20180320.jar:9.4.9.v20180320]
	at org.eclipse.jetty.io.FillInterest.fillable(FillInterest.java:102) [jetty-io-9.4.9.v20180320.jar:9.4.9.v20180320]
	at org.eclipse.jetty.io.ChannelEndPoint$2.run(ChannelEndPoint.java:118) [jetty-io-9.4.9.v20180320.jar:9.4.9.v20180320]
	at org.eclipse.jetty.util.thread.strategy.EatWhatYouKill.doProduce(EatWhatYouKill.java:319) [jetty-util-9.4.9.v20180320.jar:9.4.9.v20180320]
	at org.eclipse.jetty.util.thread.strategy.EatWhatYouKill.tryProduce(EatWhatYouKill.java:175) [jetty-util-9.4.9.v20180320.jar:9.4.9.v20180320]
	at org.eclipse.jetty.util.thread.strategy.EatWhatYouKill.run(EatWhatYouKill.java:133) [jetty-util-9.4.9.v20180320.jar:9.4.9.v20180320]
	at org.eclipse.jetty.util.thread.ReservedThreadExecutor$ReservedThread.run(ReservedThreadExecutor.java:366) [jetty-util-9.4.9.v20180320.jar:9.4.9.v20180320]
	at org.eclipse.jetty.util.thread.QueuedThreadPool.runJob(QueuedThreadPool.java:754) [jetty-util-9.4.9.v20180320.jar:9.4.9.v20180320]
	at org.eclipse.jetty.util.thread.QueuedThreadPool$2.run(QueuedThreadPool.java:672) [jetty-util-9.4.9.v20180320.jar:9.4.9.v20180320]
	at java.lang.Thread.run(Thread.java:748) [na:1.8.0_161]
Caused by: com.example.demo.exception.CustomerException: Please Enter valid customerId
	at com.example.demo.controller.CustomerController.viewCustomerDetail(CustomerController.java:57) ~[classes/:na]
	at sun.reflect.NativeMethodAccessorImpl.invoke0(Native Method) ~[na:1.8.0_161]
	at sun.reflect.NativeMethodAccessorImpl.invoke(NativeMethodAccessorImpl.java:62) ~[na:1.8.0_161]
	at sun.reflect.DelegatingMethodAccessorImpl.invoke(DelegatingMethodAccessorImpl.java:43) ~[na:1.8.0_161]
	at java.lang.reflect.Method.invoke(Method.java:498) ~[na:1.8.0_161]
	at org.springframework.web.method.support.InvocableHandlerMethod.doInvoke(InvocableHandlerMethod.java:209) ~[spring-web-5.0.5.RELEASE.jar:5.0.5.RELEASE]
	at org.springframework.web.method.support.InvocableHandlerMethod.invokeForRequest(InvocableHandlerMethod.java:136) ~[spring-web-5.0.5.RELEASE.jar:5.0.5.RELEASE]
	at org.springframework.web.servlet.mvc.method.annotation.ServletInvocableHandlerMethod.invokeAndHandle(ServletInvocableHandlerMethod.java:102) ~[spring-webmvc-5.0.5.RELEASE.jar:5.0.5.RELEASE]
	at org.springframework.web.servlet.mvc.method.annotation.RequestMappingHandlerAdapter.invokeHandlerMethod(RequestMappingHandlerAdapter.java:877) ~[spring-webmvc-5.0.5.RELEASE.jar:5.0.5.RELEASE]
	at org.springframework.web.servlet.mvc.method.annotation.RequestMappingHandlerAdapter.handleInternal(RequestMappingHandlerAdapter.java:783) ~[spring-webmvc-5.0.5.RELEASE.jar:5.0.5.RELEASE]
	at org.springframework.web.servlet.mvc.method.AbstractHandlerMethodAdapter.handle(AbstractHandlerMethodAdapter.java:87) ~[spring-webmvc-5.0.5.RELEASE.jar:5.0.5.RELEASE]
	at org.springframework.web.servlet.DispatcherServlet.doDispatch(DispatcherServlet.java:991) ~[spring-webmvc-5.0.5.RELEASE.jar:5.0.5.RELEASE]
	at org.springframework.web.servlet.DispatcherServlet.doService(DispatcherServlet.java:925) ~[spring-webmvc-5.0.5.RELEASE.jar:5.0.5.RELEASE]
	at org.springframework.web.servlet.FrameworkServlet.processRequest(FrameworkServlet.java:974) ~[spring-webmvc-5.0.5.RELEASE.jar:5.0.5.RELEASE]
	... 48 common frames omitted

2018-05-11 18:14:06.029  INFO 1456 --- [RMI TCP Connection(2)-127.0.0.1] inMXBeanRegistrar$SpringApplicationAdmin : Application shutdown requested.
2018-05-11 18:14:06.029  INFO 1456 --- [RMI TCP Connection(2)-127.0.0.1] ConfigServletWebServerApplicationContext : Closing org.springframework.boot.web.servlet.context.AnnotationConfigServletWebServerApplicationContext@5c909414: startup date [Fri May 11 18:03:46 IST 2018]; root of context hierarchy
2018-05-11 18:14:06.033  INFO 1456 --- [RMI TCP Connection(2)-127.0.0.1] o.s.j.e.a.AnnotationMBeanExporter        : Unregistering JMX-exposed beans on shutdown
2018-05-11 18:14:06.034  INFO 1456 --- [RMI TCP Connection(2)-127.0.0.1] o.s.j.e.a.AnnotationMBeanExporter        : Unregistering JMX-exposed beans
2018-05-11 18:14:06.036  INFO 1456 --- [RMI TCP Connection(2)-127.0.0.1] j.LocalContainerEntityManagerFactoryBean : Closing JPA EntityManagerFactory for persistence unit 'default'
2018-05-11 18:14:06.037  INFO 1456 --- [RMI TCP Connection(2)-127.0.0.1] com.zaxxer.hikari.HikariDataSource       : HikariPool-1 - Shutdown initiated...
2018-05-11 18:14:06.045  INFO 1456 --- [RMI TCP Connection(2)-127.0.0.1] com.zaxxer.hikari.HikariDataSource       : HikariPool-1 - Shutdown completed.
2018-05-11 18:14:06.050  INFO 1456 --- [RMI TCP Connection(2)-127.0.0.1] o.e.jetty.server.AbstractConnector       : Stopped ServerConnector@2e1eb85f{HTTP/1.1,[http/1.1]}{0.0.0.0:8080}
2018-05-11 18:14:06.051  INFO 1456 --- [RMI TCP Connection(2)-127.0.0.1] org.eclipse.jetty.server.session         : Stopped scavenging
2018-05-11 18:14:06.053  INFO 1456 --- [RMI TCP Connection(2)-127.0.0.1] o.e.j.s.h.ContextHandler.application     : Destroying Spring FrameworkServlet 'dispatcherServlet'
2018-05-11 18:14:06.054  INFO 1456 --- [RMI TCP Connection(2)-127.0.0.1] o.e.jetty.server.handler.ContextHandler  : Stopped o.s.b.w.e.j.JettyEmbeddedWebAppContext@759d81f3{/,[file:///C:/Users/trainee/AppData/Local/Temp/jetty-docbase.3544802772175407408.8080/],UNAVAILABLE}
2018-05-11 18:14:14.361  INFO 8476 --- [main] com.example.demo.DemoApplication         : Starting DemoApplication on no with PID 8476 (D:\Users\trainee\Desktop\demo\target\classes started by trainee in D:\Users\trainee\Desktop\demo)
2018-05-11 18:14:14.365  INFO 8476 --- [main] com.example.demo.DemoApplication         : No active profile set, falling back to default profiles: default
2018-05-11 18:14:14.415  INFO 8476 --- [main] ConfigServletWebServerApplicationContext : Refreshing org.springframework.boot.web.servlet.context.AnnotationConfigServletWebServerApplicationContext@4b5a5ed1: startup date [Fri May 11 18:14:14 IST 2018]; root of context hierarchy
2018-05-11 18:14:15.471  INFO 8476 --- [main] trationDelegate$BeanPostProcessorChecker : Bean 'org.springframework.transaction.annotation.ProxyTransactionManagementConfiguration' of type [org.springframework.transaction.annotation.ProxyTransactionManagementConfiguration$$EnhancerBySpringCGLIB$$4202af35] is not eligible for getting processed by all BeanPostProcessors (for example: not eligible for auto-proxying)
2018-05-11 18:14:15.667  INFO 8476 --- [main] org.eclipse.jetty.util.log               : Logging initialized @2486ms to org.eclipse.jetty.util.log.Slf4jLog
2018-05-11 18:14:15.749  INFO 8476 --- [main] o.s.b.w.e.j.JettyServletWebServerFactory : Server initialized with port: 8080
2018-05-11 18:14:15.751  INFO 8476 --- [main] org.eclipse.jetty.server.Server          : jetty-9.4.9.v20180320; built: 2018-03-20T17:51:10+05:30; git: 1f8159b1e4a42d3f79997021ea1609f2fbac6de5; jvm 1.8.0_161-b12
2018-05-11 18:14:15.867  INFO 8476 --- [main] org.eclipse.jetty.server.session         : DefaultSessionIdManager workerName=node0
2018-05-11 18:14:15.868  INFO 8476 --- [main] org.eclipse.jetty.server.session         : No SessionScavenger set, using defaults
2018-05-11 18:14:15.870  INFO 8476 --- [main] org.eclipse.jetty.server.session         : Scavenging every 600000ms
2018-05-11 18:14:15.877  INFO 8476 --- [main] o.e.j.s.h.ContextHandler.application     : Initializing Spring embedded WebApplicationContext
2018-05-11 18:14:15.877  INFO 8476 --- [main] o.s.web.context.ContextLoader            : Root WebApplicationContext: initialization completed in 1462 ms
2018-05-11 18:14:15.990  INFO 8476 --- [main] o.s.b.w.servlet.ServletRegistrationBean  : Servlet dispatcherServlet mapped to [/]
2018-05-11 18:14:15.994  INFO 8476 --- [main] o.s.b.w.servlet.FilterRegistrationBean   : Mapping filter: 'characterEncodingFilter' to: [/*]
2018-05-11 18:14:15.994  INFO 8476 --- [main] o.s.b.w.servlet.FilterRegistrationBean   : Mapping filter: 'hiddenHttpMethodFilter' to: [/*]
2018-05-11 18:14:15.994  INFO 8476 --- [main] o.s.b.w.servlet.FilterRegistrationBean   : Mapping filter: 'httpPutFormContentFilter' to: [/*]
2018-05-11 18:14:15.995  INFO 8476 --- [main] o.s.b.w.servlet.FilterRegistrationBean   : Mapping filter: 'requestContextFilter' to: [/*]
2018-05-11 18:14:16.001  INFO 8476 --- [main] o.e.jetty.server.handler.ContextHandler  : Started o.s.b.w.e.j.JettyEmbeddedWebAppContext@267bbe1a{/,[file:///C:/Users/trainee/AppData/Local/Temp/jetty-docbase.5173581931933271485.8080/],AVAILABLE}
2018-05-11 18:14:16.002  INFO 8476 --- [main] org.eclipse.jetty.server.Server          : Started @2822ms
2018-05-11 18:14:16.134  INFO 8476 --- [main] com.zaxxer.hikari.HikariDataSource       : HikariPool-1 - Starting...
2018-05-11 18:14:16.275  INFO 8476 --- [main] com.zaxxer.hikari.HikariDataSource       : HikariPool-1 - Start completed.
2018-05-11 18:14:16.323  INFO 8476 --- [main] j.LocalContainerEntityManagerFactoryBean : Building JPA container EntityManagerFactory for persistence unit 'default'
2018-05-11 18:14:16.338  INFO 8476 --- [main] o.hibernate.jpa.internal.util.LogHelper  : HHH000204: Processing PersistenceUnitInfo [
	name: default
	...]
2018-05-11 18:14:16.456  INFO 8476 --- [main] org.hibernate.Version                    : HHH000412: Hibernate Core {5.2.16.Final}
2018-05-11 18:14:16.459  INFO 8476 --- [main] org.hibernate.cfg.Environment            : HHH000206: hibernate.properties not found
2018-05-11 18:14:16.504  INFO 8476 --- [main] o.hibernate.annotations.common.Version   : HCANN000001: Hibernate Commons Annotations {5.0.1.Final}
2018-05-11 18:14:16.733  INFO 8476 --- [main] org.hibernate.dialect.Dialect            : HHH000400: Using dialect: org.hibernate.dialect.MySQL5Dialect
2018-05-11 18:14:17.207  INFO 8476 --- [main] j.LocalContainerEntityManagerFactoryBean : Initialized JPA EntityManagerFactory for persistence unit 'default'
2018-05-11 18:14:17.574  INFO 8476 --- [main] o.s.w.s.handler.SimpleUrlHandlerMapping  : Mapped URL path [/**/favicon.ico] onto handler of type [class org.springframework.web.servlet.resource.ResourceHttpRequestHandler]
2018-05-11 18:14:17.855  INFO 8476 --- [main] s.w.s.m.m.a.RequestMappingHandlerAdapter : Looking for @ControllerAdvice: org.springframework.boot.web.servlet.context.AnnotationConfigServletWebServerApplicationContext@4b5a5ed1: startup date [Fri May 11 18:14:14 IST 2018]; root of context hierarchy
2018-05-11 18:14:17.883  WARN 8476 --- [main] aWebConfiguration$JpaWebMvcConfiguration : spring.jpa.open-in-view is enabled by default. Therefore, database queries may be performed during view rendering. Explicitly configure spring.jpa.open-in-view to disable this warning
2018-05-11 18:14:17.926  INFO 8476 --- [main] s.w.s.m.m.a.RequestMappingHandlerMapping : Mapped "{[/customerdetail/main/customerdetail],methods=[POST]}" onto public com.example.demo.model.Customer com.example.demo.controller.CustomerController.addCustomer(com.example.demo.model.Customer)
2018-05-11 18:14:17.927  INFO 8476 --- [main] s.w.s.m.m.a.RequestMappingHandlerMapping : Mapped "{[/customerdetail/main/delete/{customerId}],methods=[DELETE]}" onto public void com.example.demo.controller.CustomerController.deleteCustomer(java.lang.Integer)
2018-05-11 18:14:17.928  INFO 8476 --- [main] s.w.s.m.m.a.RequestMappingHandlerMapping : Mapped "{[/customerdetail/main/update/{customerId}],methods=[PUT]}" onto public com.example.demo.model.Customer com.example.demo.controller.CustomerController.updateCustomer(java.lang.Integer)
2018-05-11 18:14:17.928  INFO 8476 --- [main] s.w.s.m.m.a.RequestMappingHandlerMapping : Mapped "{[/customerdetail/main/supplier],methods=[POST]}" onto public com.example.demo.model.Supplier com.example.demo.controller.CustomerController.addSupplier(com.example.demo.model.Supplier)
2018-05-11 18:14:17.928  INFO 8476 --- [main] s.w.s.m.m.a.RequestMappingHandlerMapping : Mapped "{[/customerdetail/main/views/{supplierId}],methods=[GET]}" onto public java.util.Optional<com.example.demo.model.Supplier> com.example.demo.controller.CustomerController.viewSupplier(java.lang.Integer)
2018-05-11 18:14:17.929  INFO 8476 --- [main] s.w.s.m.m.a.RequestMappingHandlerMapping : Mapped "{[/customerdetail/main/updateS/{supplierId}],methods=[PUT]}" onto public com.example.demo.model.Supplier com.example.demo.controller.CustomerController.updateSupplier(java.lang.Integer)
2018-05-11 18:14:17.930  INFO 8476 --- [main] s.w.s.m.m.a.RequestMappingHandlerMapping : Mapped "{[/customerdetail/main/view/{customerId}],methods=[GET]}" onto public org.springframework.http.ResponseEntity<?> com.example.demo.controller.CustomerController.viewCustomerDetail(java.lang.Integer) throws com.example.demo.exception.CustomerException
2018-05-11 18:14:17.934  INFO 8476 --- [main] s.w.s.m.m.a.RequestMappingHandlerMapping : Mapped "{[/error]}" onto public org.springframework.http.ResponseEntity<java.util.Map<java.lang.String, java.lang.Object>> org.springframework.boot.autoconfigure.web.servlet.error.BasicErrorController.error(javax.servlet.http.HttpServletRequest)
2018-05-11 18:14:17.935  INFO 8476 --- [main] s.w.s.m.m.a.RequestMappingHandlerMapping : Mapped "{[/error],produces=[text/html]}" onto public org.springframework.web.servlet.ModelAndView org.springframework.boot.autoconfigure.web.servlet.error.BasicErrorController.errorHtml(javax.servlet.http.HttpServletRequest,javax.servlet.http.HttpServletResponse)
2018-05-11 18:14:17.969  INFO 8476 --- [main] o.s.w.s.handler.SimpleUrlHandlerMapping  : Mapped URL path [/webjars/**] onto handler of type [class org.springframework.web.servlet.resource.ResourceHttpRequestHandler]
2018-05-11 18:14:17.970  INFO 8476 --- [main] o.s.w.s.handler.SimpleUrlHandlerMapping  : Mapped URL path [/**] onto handler of type [class org.springframework.web.servlet.resource.ResourceHttpRequestHandler]
2018-05-11 18:14:18.302  INFO 8476 --- [main] o.s.j.e.a.AnnotationMBeanExporter        : Registering beans for JMX exposure on startup
2018-05-11 18:14:18.304  INFO 8476 --- [main] o.s.j.e.a.AnnotationMBeanExporter        : Bean with name 'dataSource' has been autodetected for JMX exposure
2018-05-11 18:14:18.312  INFO 8476 --- [main] o.s.j.e.a.AnnotationMBeanExporter        : Located MBean 'dataSource': registering with JMX server as MBean [com.zaxxer.hikari:name=dataSource,type=HikariDataSource]
2018-05-11 18:14:18.335  INFO 8476 --- [main] o.e.j.s.h.ContextHandler.application     : Initializing Spring FrameworkServlet 'dispatcherServlet'
2018-05-11 18:14:18.336  INFO 8476 --- [main] o.s.web.servlet.DispatcherServlet        : FrameworkServlet 'dispatcherServlet': initialization started
2018-05-11 18:14:18.355  INFO 8476 --- [main] o.s.web.servlet.DispatcherServlet        : FrameworkServlet 'dispatcherServlet': initialization completed in 19 ms
2018-05-11 18:14:18.382  INFO 8476 --- [main] o.e.jetty.server.AbstractConnector       : Started ServerConnector@2401856{HTTP/1.1,[http/1.1]}{0.0.0.0:8080}
2018-05-11 18:14:18.387  INFO 8476 --- [main] o.s.b.web.embedded.jetty.JettyWebServer  : Jetty started on port(s) 8080 (http/1.1) with context path '/'
2018-05-11 18:14:18.391  INFO 8476 --- [main] com.example.demo.DemoApplication         : Started DemoApplication in 4.385 seconds (JVM running for 5.211)
